<?xml version="1.0" encoding="UTF-8"?>
<testsuite xmlns:xsi="http://www.w3.org/2001/XMLSchema-instance" xsi:noNamespaceSchemaLocation="https://maven.apache.org/surefire/maven-surefire-plugin/xsd/surefire-test-report.xsd" name="com.priv.SpringBoot04MybatisApplicationTests" time="4.883" tests="1" errors="1" skipped="0" failures="0">
  <properties>
    <property name="sun.desktop" value="windows"/>
    <property name="awt.toolkit" value="sun.awt.windows.WToolkit"/>
    <property name="java.specification.version" value="11"/>
    <property name="sun.cpu.isalist" value="amd64"/>
    <property name="sun.jnu.encoding" value="GBK"/>
    <property name="java.class.path" value="D:\IdeaProjects\SpringBoot\SpringBoot_04_mybatis\target\test-classes;D:\IdeaProjects\SpringBoot\SpringBoot_04_mybatis\target\classes;D:\Maven\apache-maven-3.6.0\mvn_repository\org\mybatis\spring\boot\mybatis-spring-boot-starter\2.2.0\mybatis-spring-boot-starter-2.2.0.jar;D:\Maven\apache-maven-3.6.0\mvn_repository\org\springframework\boot\spring-boot-starter\2.6.11\spring-boot-starter-2.6.11.jar;D:\Maven\apache-maven-3.6.0\mvn_repository\org\springframework\boot\spring-boot\2.6.11\spring-boot-2.6.11.jar;D:\Maven\apache-maven-3.6.0\mvn_repository\org\springframework\spring-context\5.3.22\spring-context-5.3.22.jar;D:\Maven\apache-maven-3.6.0\mvn_repository\org\springframework\spring-aop\5.3.22\spring-aop-5.3.22.jar;D:\Maven\apache-maven-3.6.0\mvn_repository\org\springframework\spring-expression\5.3.22\spring-expression-5.3.22.jar;D:\Maven\apache-maven-3.6.0\mvn_repository\org\springframework\boot\spring-boot-autoconfigure\2.6.11\spring-boot-autoconfigure-2.6.11.jar;D:\Maven\apache-maven-3.6.0\mvn_repository\org\springframework\boot\spring-boot-starter-logging\2.6.11\spring-boot-starter-logging-2.6.11.jar;D:\Maven\apache-maven-3.6.0\mvn_repository\ch\qos\logback\logback-classic\1.2.11\logback-classic-1.2.11.jar;D:\Maven\apache-maven-3.6.0\mvn_repository\ch\qos\logback\logback-core\1.2.11\logback-core-1.2.11.jar;D:\Maven\apache-maven-3.6.0\mvn_repository\org\apache\logging\log4j\log4j-to-slf4j\2.17.2\log4j-to-slf4j-2.17.2.jar;D:\Maven\apache-maven-3.6.0\mvn_repository\org\apache\logging\log4j\log4j-api\2.17.2\log4j-api-2.17.2.jar;D:\Maven\apache-maven-3.6.0\mvn_repository\org\slf4j\jul-to-slf4j\1.7.36\jul-to-slf4j-1.7.36.jar;D:\Maven\apache-maven-3.6.0\mvn_repository\jakarta\annotation\jakarta.annotation-api\1.3.5\jakarta.annotation-api-1.3.5.jar;D:\Maven\apache-maven-3.6.0\mvn_repository\org\yaml\snakeyaml\1.29\snakeyaml-1.29.jar;D:\Maven\apache-maven-3.6.0\mvn_repository\org\springframework\boot\spring-boot-starter-jdbc\2.6.11\spring-boot-starter-jdbc-2.6.11.jar;D:\Maven\apache-maven-3.6.0\mvn_repository\com\zaxxer\HikariCP\4.0.3\HikariCP-4.0.3.jar;D:\Maven\apache-maven-3.6.0\mvn_repository\org\springframework\spring-jdbc\5.3.22\spring-jdbc-5.3.22.jar;D:\Maven\apache-maven-3.6.0\mvn_repository\org\springframework\spring-beans\5.3.22\spring-beans-5.3.22.jar;D:\Maven\apache-maven-3.6.0\mvn_repository\org\springframework\spring-tx\5.3.22\spring-tx-5.3.22.jar;D:\Maven\apache-maven-3.6.0\mvn_repository\org\mybatis\spring\boot\mybatis-spring-boot-autoconfigure\2.2.0\mybatis-spring-boot-autoconfigure-2.2.0.jar;D:\Maven\apache-maven-3.6.0\mvn_repository\org\mybatis\mybatis\3.5.7\mybatis-3.5.7.jar;D:\Maven\apache-maven-3.6.0\mvn_repository\org\mybatis\mybatis-spring\2.0.6\mybatis-spring-2.0.6.jar;D:\Maven\apache-maven-3.6.0\mvn_repository\mysql\mysql-connector-java\8.0.30\mysql-connector-java-8.0.30.jar;D:\Maven\apache-maven-3.6.0\mvn_repository\org\springframework\boot\spring-boot-starter-test\2.6.11\spring-boot-starter-test-2.6.11.jar;D:\Maven\apache-maven-3.6.0\mvn_repository\org\springframework\boot\spring-boot-test\2.6.11\spring-boot-test-2.6.11.jar;D:\Maven\apache-maven-3.6.0\mvn_repository\org\springframework\boot\spring-boot-test-autoconfigure\2.6.11\spring-boot-test-autoconfigure-2.6.11.jar;D:\Maven\apache-maven-3.6.0\mvn_repository\com\jayway\jsonpath\json-path\2.6.0\json-path-2.6.0.jar;D:\Maven\apache-maven-3.6.0\mvn_repository\net\minidev\json-smart\2.4.8\json-smart-2.4.8.jar;D:\Maven\apache-maven-3.6.0\mvn_repository\net\minidev\accessors-smart\2.4.8\accessors-smart-2.4.8.jar;D:\Maven\apache-maven-3.6.0\mvn_repository\org\ow2\asm\asm\9.1\asm-9.1.jar;D:\Maven\apache-maven-3.6.0\mvn_repository\org\slf4j\slf4j-api\1.7.36\slf4j-api-1.7.36.jar;D:\Maven\apache-maven-3.6.0\mvn_repository\jakarta\xml\bind\jakarta.xml.bind-api\2.3.3\jakarta.xml.bind-api-2.3.3.jar;D:\Maven\apache-maven-3.6.0\mvn_repository\jakarta\activation\jakarta.activation-api\1.2.2\jakarta.activation-api-1.2.2.jar;D:\Maven\apache-maven-3.6.0\mvn_repository\org\assertj\assertj-core\3.21.0\assertj-core-3.21.0.jar;D:\Maven\apache-maven-3.6.0\mvn_repository\org\hamcrest\hamcrest\2.2\hamcrest-2.2.jar;D:\Maven\apache-maven-3.6.0\mvn_repository\org\junit\jupiter\junit-jupiter\5.8.2\junit-jupiter-5.8.2.jar;D:\Maven\apache-maven-3.6.0\mvn_repository\org\junit\jupiter\junit-jupiter-api\5.8.2\junit-jupiter-api-5.8.2.jar;D:\Maven\apache-maven-3.6.0\mvn_repository\org\opentest4j\opentest4j\1.2.0\opentest4j-1.2.0.jar;D:\Maven\apache-maven-3.6.0\mvn_repository\org\junit\platform\junit-platform-commons\1.8.2\junit-platform-commons-1.8.2.jar;D:\Maven\apache-maven-3.6.0\mvn_repository\org\apiguardian\apiguardian-api\1.1.2\apiguardian-api-1.1.2.jar;D:\Maven\apache-maven-3.6.0\mvn_repository\org\junit\jupiter\junit-jupiter-params\5.8.2\junit-jupiter-params-5.8.2.jar;D:\Maven\apache-maven-3.6.0\mvn_repository\org\junit\jupiter\junit-jupiter-engine\5.8.2\junit-jupiter-engine-5.8.2.jar;D:\Maven\apache-maven-3.6.0\mvn_repository\org\junit\platform\junit-platform-engine\1.8.2\junit-platform-engine-1.8.2.jar;D:\Maven\apache-maven-3.6.0\mvn_repository\org\mockito\mockito-core\4.0.0\mockito-core-4.0.0.jar;D:\Maven\apache-maven-3.6.0\mvn_repository\net\bytebuddy\byte-buddy\1.11.22\byte-buddy-1.11.22.jar;D:\Maven\apache-maven-3.6.0\mvn_repository\net\bytebuddy\byte-buddy-agent\1.11.22\byte-buddy-agent-1.11.22.jar;D:\Maven\apache-maven-3.6.0\mvn_repository\org\objenesis\objenesis\3.2\objenesis-3.2.jar;D:\Maven\apache-maven-3.6.0\mvn_repository\org\mockito\mockito-junit-jupiter\4.0.0\mockito-junit-jupiter-4.0.0.jar;D:\Maven\apache-maven-3.6.0\mvn_repository\org\skyscreamer\jsonassert\1.5.1\jsonassert-1.5.1.jar;D:\Maven\apache-maven-3.6.0\mvn_repository\com\vaadin\external\google\android-json\0.0.20131108.vaadin1\android-json-0.0.20131108.vaadin1.jar;D:\Maven\apache-maven-3.6.0\mvn_repository\org\springframework\spring-core\5.3.22\spring-core-5.3.22.jar;D:\Maven\apache-maven-3.6.0\mvn_repository\org\springframework\spring-jcl\5.3.22\spring-jcl-5.3.22.jar;D:\Maven\apache-maven-3.6.0\mvn_repository\org\springframework\spring-test\5.3.22\spring-test-5.3.22.jar;D:\Maven\apache-maven-3.6.0\mvn_repository\org\xmlunit\xmlunit-core\2.8.4\xmlunit-core-2.8.4.jar;"/>
    <property name="java.vm.vendor" value="Oracle Corporation"/>
    <property name="sun.arch.data.model" value="64"/>
    <property name="user.variant" value=""/>
    <property name="java.vendor.url" value="https://openjdk.java.net/"/>
    <property name="user.timezone" value="Asia/Shanghai"/>
    <property name="java.vm.specification.version" value="11"/>
    <property name="os.name" value="Windows 10"/>
    <property name="sun.java.launcher" value="SUN_STANDARD"/>
    <property name="user.country" value="CN"/>
    <property name="sun.boot.library.path" value="D:\jdk11\bin"/>
    <property name="sun.java.command" value="C:\Users\97189\AppData\Local\Temp\surefire16923926386873039311\surefirebooter15906721594539057515.jar C:\Users\97189\AppData\Local\Temp\surefire16923926386873039311 2023-01-06T14-24-34_481-jvmRun1 surefire4560145531985042049tmp surefire_015368084603347139950tmp"/>
    <property name="jdk.debug" value="release"/>
    <property name="surefire.test.class.path" value="D:\IdeaProjects\SpringBoot\SpringBoot_04_mybatis\target\test-classes;D:\IdeaProjects\SpringBoot\SpringBoot_04_mybatis\target\classes;D:\Maven\apache-maven-3.6.0\mvn_repository\org\mybatis\spring\boot\mybatis-spring-boot-starter\2.2.0\mybatis-spring-boot-starter-2.2.0.jar;D:\Maven\apache-maven-3.6.0\mvn_repository\org\springframework\boot\spring-boot-starter\2.6.11\spring-boot-starter-2.6.11.jar;D:\Maven\apache-maven-3.6.0\mvn_repository\org\springframework\boot\spring-boot\2.6.11\spring-boot-2.6.11.jar;D:\Maven\apache-maven-3.6.0\mvn_repository\org\springframework\spring-context\5.3.22\spring-context-5.3.22.jar;D:\Maven\apache-maven-3.6.0\mvn_repository\org\springframework\spring-aop\5.3.22\spring-aop-5.3.22.jar;D:\Maven\apache-maven-3.6.0\mvn_repository\org\springframework\spring-expression\5.3.22\spring-expression-5.3.22.jar;D:\Maven\apache-maven-3.6.0\mvn_repository\org\springframework\boot\spring-boot-autoconfigure\2.6.11\spring-boot-autoconfigure-2.6.11.jar;D:\Maven\apache-maven-3.6.0\mvn_repository\org\springframework\boot\spring-boot-starter-logging\2.6.11\spring-boot-starter-logging-2.6.11.jar;D:\Maven\apache-maven-3.6.0\mvn_repository\ch\qos\logback\logback-classic\1.2.11\logback-classic-1.2.11.jar;D:\Maven\apache-maven-3.6.0\mvn_repository\ch\qos\logback\logback-core\1.2.11\logback-core-1.2.11.jar;D:\Maven\apache-maven-3.6.0\mvn_repository\org\apache\logging\log4j\log4j-to-slf4j\2.17.2\log4j-to-slf4j-2.17.2.jar;D:\Maven\apache-maven-3.6.0\mvn_repository\org\apache\logging\log4j\log4j-api\2.17.2\log4j-api-2.17.2.jar;D:\Maven\apache-maven-3.6.0\mvn_repository\org\slf4j\jul-to-slf4j\1.7.36\jul-to-slf4j-1.7.36.jar;D:\Maven\apache-maven-3.6.0\mvn_repository\jakarta\annotation\jakarta.annotation-api\1.3.5\jakarta.annotation-api-1.3.5.jar;D:\Maven\apache-maven-3.6.0\mvn_repository\org\yaml\snakeyaml\1.29\snakeyaml-1.29.jar;D:\Maven\apache-maven-3.6.0\mvn_repository\org\springframework\boot\spring-boot-starter-jdbc\2.6.11\spring-boot-starter-jdbc-2.6.11.jar;D:\Maven\apache-maven-3.6.0\mvn_repository\com\zaxxer\HikariCP\4.0.3\HikariCP-4.0.3.jar;D:\Maven\apache-maven-3.6.0\mvn_repository\org\springframework\spring-jdbc\5.3.22\spring-jdbc-5.3.22.jar;D:\Maven\apache-maven-3.6.0\mvn_repository\org\springframework\spring-beans\5.3.22\spring-beans-5.3.22.jar;D:\Maven\apache-maven-3.6.0\mvn_repository\org\springframework\spring-tx\5.3.22\spring-tx-5.3.22.jar;D:\Maven\apache-maven-3.6.0\mvn_repository\org\mybatis\spring\boot\mybatis-spring-boot-autoconfigure\2.2.0\mybatis-spring-boot-autoconfigure-2.2.0.jar;D:\Maven\apache-maven-3.6.0\mvn_repository\org\mybatis\mybatis\3.5.7\mybatis-3.5.7.jar;D:\Maven\apache-maven-3.6.0\mvn_repository\org\mybatis\mybatis-spring\2.0.6\mybatis-spring-2.0.6.jar;D:\Maven\apache-maven-3.6.0\mvn_repository\mysql\mysql-connector-java\8.0.30\mysql-connector-java-8.0.30.jar;D:\Maven\apache-maven-3.6.0\mvn_repository\org\springframework\boot\spring-boot-starter-test\2.6.11\spring-boot-starter-test-2.6.11.jar;D:\Maven\apache-maven-3.6.0\mvn_repository\org\springframework\boot\spring-boot-test\2.6.11\spring-boot-test-2.6.11.jar;D:\Maven\apache-maven-3.6.0\mvn_repository\org\springframework\boot\spring-boot-test-autoconfigure\2.6.11\spring-boot-test-autoconfigure-2.6.11.jar;D:\Maven\apache-maven-3.6.0\mvn_repository\com\jayway\jsonpath\json-path\2.6.0\json-path-2.6.0.jar;D:\Maven\apache-maven-3.6.0\mvn_repository\net\minidev\json-smart\2.4.8\json-smart-2.4.8.jar;D:\Maven\apache-maven-3.6.0\mvn_repository\net\minidev\accessors-smart\2.4.8\accessors-smart-2.4.8.jar;D:\Maven\apache-maven-3.6.0\mvn_repository\org\ow2\asm\asm\9.1\asm-9.1.jar;D:\Maven\apache-maven-3.6.0\mvn_repository\org\slf4j\slf4j-api\1.7.36\slf4j-api-1.7.36.jar;D:\Maven\apache-maven-3.6.0\mvn_repository\jakarta\xml\bind\jakarta.xml.bind-api\2.3.3\jakarta.xml.bind-api-2.3.3.jar;D:\Maven\apache-maven-3.6.0\mvn_repository\jakarta\activation\jakarta.activation-api\1.2.2\jakarta.activation-api-1.2.2.jar;D:\Maven\apache-maven-3.6.0\mvn_repository\org\assertj\assertj-core\3.21.0\assertj-core-3.21.0.jar;D:\Maven\apache-maven-3.6.0\mvn_repository\org\hamcrest\hamcrest\2.2\hamcrest-2.2.jar;D:\Maven\apache-maven-3.6.0\mvn_repository\org\junit\jupiter\junit-jupiter\5.8.2\junit-jupiter-5.8.2.jar;D:\Maven\apache-maven-3.6.0\mvn_repository\org\junit\jupiter\junit-jupiter-api\5.8.2\junit-jupiter-api-5.8.2.jar;D:\Maven\apache-maven-3.6.0\mvn_repository\org\opentest4j\opentest4j\1.2.0\opentest4j-1.2.0.jar;D:\Maven\apache-maven-3.6.0\mvn_repository\org\junit\platform\junit-platform-commons\1.8.2\junit-platform-commons-1.8.2.jar;D:\Maven\apache-maven-3.6.0\mvn_repository\org\apiguardian\apiguardian-api\1.1.2\apiguardian-api-1.1.2.jar;D:\Maven\apache-maven-3.6.0\mvn_repository\org\junit\jupiter\junit-jupiter-params\5.8.2\junit-jupiter-params-5.8.2.jar;D:\Maven\apache-maven-3.6.0\mvn_repository\org\junit\jupiter\junit-jupiter-engine\5.8.2\junit-jupiter-engine-5.8.2.jar;D:\Maven\apache-maven-3.6.0\mvn_repository\org\junit\platform\junit-platform-engine\1.8.2\junit-platform-engine-1.8.2.jar;D:\Maven\apache-maven-3.6.0\mvn_repository\org\mockito\mockito-core\4.0.0\mockito-core-4.0.0.jar;D:\Maven\apache-maven-3.6.0\mvn_repository\net\bytebuddy\byte-buddy\1.11.22\byte-buddy-1.11.22.jar;D:\Maven\apache-maven-3.6.0\mvn_repository\net\bytebuddy\byte-buddy-agent\1.11.22\byte-buddy-agent-1.11.22.jar;D:\Maven\apache-maven-3.6.0\mvn_repository\org\objenesis\objenesis\3.2\objenesis-3.2.jar;D:\Maven\apache-maven-3.6.0\mvn_repository\org\mockito\mockito-junit-jupiter\4.0.0\mockito-junit-jupiter-4.0.0.jar;D:\Maven\apache-maven-3.6.0\mvn_repository\org\skyscreamer\jsonassert\1.5.1\jsonassert-1.5.1.jar;D:\Maven\apache-maven-3.6.0\mvn_repository\com\vaadin\external\google\android-json\0.0.20131108.vaadin1\android-json-0.0.20131108.vaadin1.jar;D:\Maven\apache-maven-3.6.0\mvn_repository\org\springframework\spring-core\5.3.22\spring-core-5.3.22.jar;D:\Maven\apache-maven-3.6.0\mvn_repository\org\springframework\spring-jcl\5.3.22\spring-jcl-5.3.22.jar;D:\Maven\apache-maven-3.6.0\mvn_repository\org\springframework\spring-test\5.3.22\spring-test-5.3.22.jar;D:\Maven\apache-maven-3.6.0\mvn_repository\org\xmlunit\xmlunit-core\2.8.4\xmlunit-core-2.8.4.jar;"/>
    <property name="sun.cpu.endian" value="little"/>
    <property name="user.home" value="C:\Users\97189"/>
    <property name="user.language" value="zh"/>
    <property name="java.specification.vendor" value="Oracle Corporation"/>
    <property name="java.version.date" value="2022-10-18"/>
    <property name="java.home" value="D:\jdk11"/>
    <property name="file.separator" value="\"/>
    <property name="basedir" value="D:\IdeaProjects\SpringBoot\SpringBoot_04_mybatis"/>
    <property name="java.vm.compressedOopsMode" value="Zero based"/>
    <property name="line.separator" value="&#10;"/>
    <property name="java.specification.name" value="Java Platform API Specification"/>
    <property name="java.vm.specification.vendor" value="Oracle Corporation"/>
    <property name="java.awt.graphicsenv" value="sun.awt.Win32GraphicsEnvironment"/>
    <property name="surefire.real.class.path" value="C:\Users\97189\AppData\Local\Temp\surefire16923926386873039311\surefirebooter15906721594539057515.jar"/>
    <property name="user.script" value=""/>
    <property name="sun.management.compiler" value="HotSpot 64-Bit Tiered Compilers"/>
    <property name="java.runtime.version" value="11.0.17+10-LTS-269"/>
    <property name="user.name" value="97189"/>
    <property name="path.separator" value=";"/>
    <property name="os.version" value="10.0"/>
    <property name="java.runtime.name" value="Java(TM) SE Runtime Environment"/>
    <property name="file.encoding" value="GBK"/>
    <property name="java.vm.name" value="Java HotSpot(TM) 64-Bit Server VM"/>
    <property name="java.vendor.version" value="18.9"/>
    <property name="localRepository" value="D:\Maven\apache-maven-3.6.0\mvn_repository"/>
    <property name="java.vendor.url.bug" value="https://bugreport.java.com/bugreport/"/>
    <property name="java.io.tmpdir" value="C:\Users\97189\AppData\Local\Temp\"/>
    <property name="idea.version" value="2022.1.3"/>
    <property name="java.version" value="11.0.17"/>
    <property name="user.dir" value="D:\IdeaProjects\SpringBoot\SpringBoot_04_mybatis"/>
    <property name="os.arch" value="amd64"/>
    <property name="java.vm.specification.name" value="Java Virtual Machine Specification"/>
    <property name="java.awt.printerjob" value="sun.awt.windows.WPrinterJob"/>
    <property name="sun.os.patch.level" value=""/>
    <property name="java.library.path" value="D:\jdk11\bin;C:\WINDOWS\Sun\Java\bin;C:\WINDOWS\system32;C:\WINDOWS;C:\Program Files\Common Files\Oracle\Java\javapath;C:\Windows\System32\MySQL\mysql-8.0.23-winx64\bin;D:\jdk11\bin;C:\Program Files (x86)\Common Files\Oracle\Java\javapath;C:\Windows\system32;C:\Windows;C:\Windows\System32\Wbem;C:\Windows\System32\WindowsPowerShell\v1.0\;C:\Windows\System32\OpenSSH\;C:\Program Files\NVIDIA Corporation\NVIDIA NvDLISR;C:\WINDOWS\system32;C:\WINDOWS;C:\WINDOWS\System32\Wbem;C:\WINDOWS\System32\WindowsPowerShell\v1.0\;C:\WINDOWS\System32\OpenSSH\;C:\Program Files\Microsoft SQL Server\130\Tools\Binn\;C:\Program Files (x86)\NVIDIA Corporation\PhysX\Common;C:\Program Files\Git\cmd;D:\Xshell 7\;D:\Xftp 7\;D:\Tomcat\apache-tomcat-8.5.72-windows-x64\apache-tomcat-8.5.72\bin;D:\nodejs\;D:\Maven\apache-maven-3.6.0\bin;C:\Program Files\dotnet\;D:\Dart\dart-sdk\bin;D:\微信web开发者工具\dll;C:\Users\97189\AppData\Local\Programs\Python\Python310\Scripts\;C:\Users\97189\AppData\Local\Programs\Python\Python310\;C:\Users\97189\AppData\Local\Microsoft\WindowsApps;D:\PyCharm Community Edition 2020.3.4\bin;;C:\Program Files\Bandizip\;C:\Users\97189\AppData\Local\Programs\Microsoft VS Code\bin;D:\nodejs\node_global;;D:\WebStorm 2022.1\bin;;D:\IntelliJ IDEA 2022.1.3\bin;;D:\GoLand 2022.1.3\bin;;D:\PyCharm 2022.1.3\bin;;D:\CLion 2022.1.3\bin;;D:\DataGrip 2022.1.5\bin;;."/>
    <property name="java.vendor" value="Oracle Corporation"/>
    <property name="java.vm.info" value="mixed mode"/>
    <property name="java.vm.version" value="11.0.17+10-LTS-269"/>
    <property name="sun.io.unicode.encoding" value="UnicodeLittle"/>
    <property name="java.class.version" value="55.0"/>
  </properties>
  <testcase name="contextLoads" classname="com.priv.SpringBoot04MybatisApplicationTests" time="2.108">
    <error message="&#10;### Error querying database.  Cause: java.sql.SQLSyntaxErrorException: You have an error in your SQL syntax; check the manual that corresponds to your MySQL server version for the right syntax to use near &apos;}&apos; at line 1&#10;### The error may exist in com/priv/dao/BookDao.java (best guess)&#10;### The error may involve com.priv.dao.BookDao.getById-Inline&#10;### The error occurred while setting parameters&#10;### SQL: select * from tbl_book where id = ?}&#10;### Cause: java.sql.SQLSyntaxErrorException: You have an error in your SQL syntax; check the manual that corresponds to your MySQL server version for the right syntax to use near &apos;}&apos; at line 1&#10;; bad SQL grammar []; nested exception is java.sql.SQLSyntaxErrorException: You have an error in your SQL syntax; check the manual that corresponds to your MySQL server version for the right syntax to use near &apos;}&apos; at line 1" type="org.springframework.jdbc.BadSqlGrammarException">org.springframework.jdbc.BadSqlGrammarException: 

### Error querying database.  Cause: java.sql.SQLSyntaxErrorException: You have an error in your SQL syntax; check the manual that corresponds to your MySQL server version for the right syntax to use near '}' at line 1
### The error may exist in com/priv/dao/BookDao.java (best guess)
### The error may involve com.priv.dao.BookDao.getById-Inline
### The error occurred while setting parameters
### SQL: select * from tbl_book where id = ?}
### Cause: java.sql.SQLSyntaxErrorException: You have an error in your SQL syntax; check the manual that corresponds to your MySQL server version for the right syntax to use near '}' at line 1
; bad SQL grammar []; nested exception is java.sql.SQLSyntaxErrorException: You have an error in your SQL syntax; check the manual that corresponds to your MySQL server version for the right syntax to use near '}' at line 1
	at com.priv.SpringBoot04MybatisApplicationTests.contextLoads(SpringBoot04MybatisApplicationTests.java:17)
Caused by: java.sql.SQLSyntaxErrorException: You have an error in your SQL syntax; check the manual that corresponds to your MySQL server version for the right syntax to use near '}' at line 1
	at com.priv.SpringBoot04MybatisApplicationTests.contextLoads(SpringBoot04MybatisApplicationTests.java:17)
</error>
    <system-out><![CDATA[14:24:36.317 [main] DEBUG org.springframework.test.context.BootstrapUtils - Instantiating CacheAwareContextLoaderDelegate from class [org.springframework.test.context.cache.DefaultCacheAwareContextLoaderDelegate]
14:24:36.331 [main] DEBUG org.springframework.test.context.BootstrapUtils - Instantiating BootstrapContext using constructor [public org.springframework.test.context.support.DefaultBootstrapContext(java.lang.Class,org.springframework.test.context.CacheAwareContextLoaderDelegate)]
14:24:36.378 [main] DEBUG org.springframework.test.context.BootstrapUtils - Instantiating TestContextBootstrapper for test class [com.priv.SpringBoot04MybatisApplicationTests] from class [org.springframework.boot.test.context.SpringBootTestContextBootstrapper]
14:24:36.392 [main] INFO org.springframework.boot.test.context.SpringBootTestContextBootstrapper - Neither @ContextConfiguration nor @ContextHierarchy found for test class [com.priv.SpringBoot04MybatisApplicationTests], using SpringBootContextLoader
14:24:36.397 [main] DEBUG org.springframework.test.context.support.AbstractContextLoader - Did not detect default resource location for test class [com.priv.SpringBoot04MybatisApplicationTests]: class path resource [com/priv/SpringBoot04MybatisApplicationTests-context.xml] does not exist
14:24:36.398 [main] DEBUG org.springframework.test.context.support.AbstractContextLoader - Did not detect default resource location for test class [com.priv.SpringBoot04MybatisApplicationTests]: class path resource [com/priv/SpringBoot04MybatisApplicationTestsContext.groovy] does not exist
14:24:36.398 [main] INFO org.springframework.test.context.support.AbstractContextLoader - Could not detect default resource locations for test class [com.priv.SpringBoot04MybatisApplicationTests]: no resource found for suffixes {-context.xml, Context.groovy}.
14:24:36.399 [main] INFO org.springframework.test.context.support.AnnotationConfigContextLoaderUtils - Could not detect default configuration classes for test class [com.priv.SpringBoot04MybatisApplicationTests]: SpringBoot04MybatisApplicationTests does not declare any static, non-private, non-final, nested classes annotated with @Configuration.
14:24:36.464 [main] DEBUG org.springframework.test.context.support.ActiveProfilesUtils - Could not find an 'annotation declaring class' for annotation type [org.springframework.test.context.ActiveProfiles] and class [com.priv.SpringBoot04MybatisApplicationTests]
14:24:36.551 [main] DEBUG org.springframework.context.annotation.ClassPathScanningCandidateComponentProvider - Identified candidate component class: file [D:\IdeaProjects\SpringBoot\SpringBoot_04_mybatis\target\classes\com\priv\SpringBoot04MybatisApplication.class]
14:24:36.552 [main] INFO org.springframework.boot.test.context.SpringBootTestContextBootstrapper - Found @SpringBootConfiguration com.priv.SpringBoot04MybatisApplication for test class com.priv.SpringBoot04MybatisApplicationTests
14:24:36.674 [main] DEBUG org.springframework.boot.test.context.SpringBootTestContextBootstrapper - @TestExecutionListeners is not present for class [com.priv.SpringBoot04MybatisApplicationTests]: using defaults.
14:24:36.674 [main] INFO org.springframework.boot.test.context.SpringBootTestContextBootstrapper - Loaded default TestExecutionListener class names from location [META-INF/spring.factories]: [org.springframework.boot.test.mock.mockito.MockitoTestExecutionListener, org.springframework.boot.test.mock.mockito.ResetMocksTestExecutionListener, org.springframework.boot.test.autoconfigure.restdocs.RestDocsTestExecutionListener, org.springframework.boot.test.autoconfigure.web.client.MockRestServiceServerResetTestExecutionListener, org.springframework.boot.test.autoconfigure.web.servlet.MockMvcPrintOnlyOnFailureTestExecutionListener, org.springframework.boot.test.autoconfigure.web.servlet.WebDriverTestExecutionListener, org.springframework.boot.test.autoconfigure.webservices.client.MockWebServiceServerTestExecutionListener, org.springframework.test.context.web.ServletTestExecutionListener, org.springframework.test.context.support.DirtiesContextBeforeModesTestExecutionListener, org.springframework.test.context.event.ApplicationEventsTestExecutionListener, org.springframework.test.context.support.DependencyInjectionTestExecutionListener, org.springframework.test.context.support.DirtiesContextTestExecutionListener, org.springframework.test.context.transaction.TransactionalTestExecutionListener, org.springframework.test.context.jdbc.SqlScriptsTestExecutionListener, org.springframework.test.context.event.EventPublishingTestExecutionListener]
14:24:36.690 [main] DEBUG org.springframework.boot.test.context.SpringBootTestContextBootstrapper - Skipping candidate TestExecutionListener [org.springframework.test.context.web.ServletTestExecutionListener] due to a missing dependency. Specify custom listener classes or make the default listener classes and their required dependencies available. Offending class: [javax/servlet/ServletContext]
14:24:36.701 [main] INFO org.springframework.boot.test.context.SpringBootTestContextBootstrapper - Using TestExecutionListeners: [org.springframework.test.context.support.DirtiesContextBeforeModesTestExecutionListener@ccb4b1b, org.springframework.test.context.event.ApplicationEventsTestExecutionListener@4097cac, org.springframework.boot.test.mock.mockito.MockitoTestExecutionListener@ec2cc4, org.springframework.boot.test.autoconfigure.SpringBootDependencyInjectionTestExecutionListener@2a5b3fee, org.springframework.test.context.support.DirtiesContextTestExecutionListener@7c1e2a2d, org.springframework.test.context.transaction.TransactionalTestExecutionListener@333dd51e, org.springframework.test.context.jdbc.SqlScriptsTestExecutionListener@52d645b1, org.springframework.test.context.event.EventPublishingTestExecutionListener@2101b44a, org.springframework.boot.test.mock.mockito.ResetMocksTestExecutionListener@2cc3ad05, org.springframework.boot.test.autoconfigure.restdocs.RestDocsTestExecutionListener@710b18a6, org.springframework.boot.test.autoconfigure.web.client.MockRestServiceServerResetTestExecutionListener@119020fb, org.springframework.boot.test.autoconfigure.web.servlet.MockMvcPrintOnlyOnFailureTestExecutionListener@3d9f6567, org.springframework.boot.test.autoconfigure.web.servlet.WebDriverTestExecutionListener@c055c54, org.springframework.boot.test.autoconfigure.webservices.client.MockWebServiceServerTestExecutionListener@25e2ab5a]
14:24:36.709 [main] DEBUG org.springframework.test.context.support.AbstractDirtiesContextTestExecutionListener - Before test class: context [DefaultTestContext@e84a8e1 testClass = SpringBoot04MybatisApplicationTests, testInstance = [null], testMethod = [null], testException = [null], mergedContextConfiguration = [MergedContextConfiguration@2e554a3b testClass = SpringBoot04MybatisApplicationTests, locations = '{}', classes = '{class com.priv.SpringBoot04MybatisApplication}', contextInitializerClasses = '[]', activeProfiles = '{}', propertySourceLocations = '{}', propertySourceProperties = '{org.springframework.boot.test.context.SpringBootTestContextBootstrapper=true}', contextCustomizers = set[org.springframework.boot.test.context.filter.ExcludeFilterContextCustomizer@1ebea008, org.springframework.boot.test.json.DuplicateJsonObjectContextCustomizerFactory$DuplicateJsonObjectContextCustomizer@7de62196, org.springframework.boot.test.mock.mockito.MockitoContextCustomizer@0, org.springframework.boot.test.web.client.TestRestTemplateContextCustomizer@2f666ebb, org.springframework.boot.test.autoconfigure.actuate.metrics.MetricsExportContextCustomizerFactory$DisableMetricExportContextCustomizer@3eb91815, org.springframework.boot.test.autoconfigure.properties.PropertyMappingContextCustomizer@0, org.springframework.boot.test.autoconfigure.web.servlet.WebDriverContextCustomizerFactory$Customizer@2205a05d, org.springframework.boot.test.context.SpringBootTestArgs@1, org.springframework.boot.test.context.SpringBootTestWebEnvironment@5ae50ce6], contextLoader = 'org.springframework.boot.test.context.SpringBootContextLoader', parent = [null]], attributes = map[[empty]]], class annotated with @DirtiesContext [false] with mode [null].
14:24:36.735 [main] DEBUG org.springframework.test.context.support.DependencyInjectionTestExecutionListener - Performing dependency injection for test context [[DefaultTestContext@e84a8e1 testClass = SpringBoot04MybatisApplicationTests, testInstance = com.priv.SpringBoot04MybatisApplicationTests@5286c33a, testMethod = [null], testException = [null], mergedContextConfiguration = [MergedContextConfiguration@2e554a3b testClass = SpringBoot04MybatisApplicationTests, locations = '{}', classes = '{class com.priv.SpringBoot04MybatisApplication}', contextInitializerClasses = '[]', activeProfiles = '{}', propertySourceLocations = '{}', propertySourceProperties = '{org.springframework.boot.test.context.SpringBootTestContextBootstrapper=true}', contextCustomizers = set[org.springframework.boot.test.context.filter.ExcludeFilterContextCustomizer@1ebea008, org.springframework.boot.test.json.DuplicateJsonObjectContextCustomizerFactory$DuplicateJsonObjectContextCustomizer@7de62196, org.springframework.boot.test.mock.mockito.MockitoContextCustomizer@0, org.springframework.boot.test.web.client.TestRestTemplateContextCustomizer@2f666ebb, org.springframework.boot.test.autoconfigure.actuate.metrics.MetricsExportContextCustomizerFactory$DisableMetricExportContextCustomizer@3eb91815, org.springframework.boot.test.autoconfigure.properties.PropertyMappingContextCustomizer@0, org.springframework.boot.test.autoconfigure.web.servlet.WebDriverContextCustomizerFactory$Customizer@2205a05d, org.springframework.boot.test.context.SpringBootTestArgs@1, org.springframework.boot.test.context.SpringBootTestWebEnvironment@5ae50ce6], contextLoader = 'org.springframework.boot.test.context.SpringBootContextLoader', parent = [null]], attributes = map['org.springframework.test.context.event.ApplicationEventsTestExecutionListener.recordApplicationEvents' -> false]]].

  .   ____          _            __ _ _
 /\\ / ___'_ __ _ _(_)_ __  __ _ \ \ \ \
( ( )\___ | '_ | '_| | '_ \/ _` | \ \ \ \
 \\/  ___)| |_)| | | | | || (_| |  ) ) ) )
  '  |____| .__|_| |_|_| |_\__, | / / / /
 =========|_|==============|___/=/_/_/_/
 :: Spring Boot ::               (v2.6.11)

2023-01-06 14:24:37.276  INFO 20732 --- [           main] c.p.SpringBoot04MybatisApplicationTests  : Starting SpringBoot04MybatisApplicationTests using Java 11.0.17 on Faith-的电脑 with PID 20732 (started by 97189 in D:\IdeaProjects\SpringBoot\SpringBoot_04_mybatis)
2023-01-06 14:24:37.278  INFO 20732 --- [           main] c.p.SpringBoot04MybatisApplicationTests  : No active profile set, falling back to 1 default profile: "default"
2023-01-06 14:24:38.993  INFO 20732 --- [           main] c.p.SpringBoot04MybatisApplicationTests  : Started SpringBoot04MybatisApplicationTests in 2.22 seconds (JVM running for 3.804)
2023-01-06 14:24:39.540  INFO 20732 --- [           main] com.zaxxer.hikari.HikariDataSource       : HikariPool-1 - Starting...
2023-01-06 14:24:40.780  INFO 20732 --- [           main] com.zaxxer.hikari.HikariDataSource       : HikariPool-1 - Start completed.
]]></system-out>
  </testcase>
</testsuite>